<?xml version="1.0" encoding="UTF-8"?>
<!-- Generated by org.testng.reporters.JUnitReportReporter -->
<testsuite hostname="DESKTOP-S177B8C" failures="0" tests="6" name="Demoblaze.Demoblaze" time="27.374" errors="0" timestamp="2023-10-16T14:15:40 AST" skipped="0">
  <testcase classname="Demoblaze.Demoblaze" name="Register" time="5.834"/>
  <testcase classname="Demoblaze.Demoblaze" name="Login" time="4.643"/>
  <testcase classname="Demoblaze.Demoblaze" name="HasItems" time="0.131"/>
  <testcase classname="Demoblaze.Demoblaze" name="AddRandToCart" time="6.805"/>
  <testcase classname="Demoblaze.Demoblaze" name="RemoveItem" time="4.882"/>
  <testcase classname="Demoblaze.Demoblaze" name="CompleteCheckout" time="5.079"/>
</testsuite> <!-- Demoblaze.Demoblaze -->
