<?xml version="1.0" encoding="UTF-8"?>
<!-- Generated by org.testng.reporters.JUnitReportReporter -->
<testsuite hostname="DESKTOP-1TFJFR4" failures="0" tests="2" name="qprostask.qprostask" time="7.661" errors="0" timestamp="2023-08-26T17:49:49 EET" skipped="0">
  <testcase classname="qprostask.qprostask" name="Register" time="5.208"/>
  <testcase classname="qprostask.qprostask" name="Login" time="2.453"/>
</testsuite> <!-- qprostask.qprostask -->
